<?xml version="1.0" encoding="utf-8"?><testsuites name="pytest tests"><testsuite name="pytest" errors="0" failures="0" skipped="0" tests="16" time="2.359" timestamp="2026-04-18T19:52:05.572131+00:00" hostname="agent-env-99aef31f-4d5f-4bd7-a03c-80fd03b3ea4d"><testcase classname="backend.tests.test_yolo26_api.TestHealth" name="test_root_health" time="0.261" /><testcase classname="backend.tests.test_yolo26_api.TestModelConfigs" name="test_list_model_configs_returns_5" time="0.118" /><testcase classname="backend.tests.test_yolo26_api.TestModelConfigs" name="test_model_configs_have_required_fields" time="0.111" /><testcase classname="backend.tests.test_yolo26_api.TestModelConfigs" name="test_filter_by_task" time="0.106" /><testcase classname="backend.tests.test_yolo26_api.TestProjects" name="test_create_project" time="0.126" /><testcase classname="backend.tests.test_yolo26_api.TestProjects" name="test_list_projects" time="0.151" /><testcase classname="backend.tests.test_yolo26_api.TestProjects" name="test_get_project" time="0.107" /><testcase classname="backend.tests.test_yolo26_api.TestProjects" name="test_delete_project" time="0.270" /><testcase classname="backend.tests.test_yolo26_api.TestRuns" name="test_create_run" time="0.119" /><testcase classname="backend.tests.test_yolo26_api.TestRuns" name="test_list_runs" time="0.107" /><testcase classname="backend.tests.test_yolo26_api.TestRuns" name="test_list_runs_filter_task" time="0.106" /><testcase classname="backend.tests.test_yolo26_api.TestRuns" name="test_delete_run" time="0.104" /><testcase classname="backend.tests.test_yolo26_api.TestDatasets" name="test_create_dataset" time="0.113" /><testcase classname="backend.tests.test_yolo26_api.TestDatasets" name="test_list_datasets" time="0.206" /><testcase classname="backend.tests.test_yolo26_api.TestDatasets" name="test_delete_dataset" time="0.104" /><testcase classname="backend.tests.test_yolo26_api.TestStats" name="test_get_stats" time="0.114" /></testsuite></testsuites>